0 info it worked if it ends with ok
1 verbose cli [ '/usr/local/bin/node',
1 verbose cli   '/usr/local/bin/npm',
1 verbose cli   'run-script',
1 verbose cli   'migrate_local' ]
2 info using npm@2.10.1
3 info using node@v0.12.4
4 verbose run-script [ 'premigrate_local', 'migrate_local', 'postmigrate_local' ]
5 info premigrate_local quiz-2017@0.0.0
6 info migrate_local quiz-2017@0.0.0
7 verbose unsafe-perm in lifecycle true
8 info quiz-2017@0.0.0 Failed to exec migrate_local script
9 verbose stack Error: quiz-2017@0.0.0 migrate_local: `sequelize db:migrate --url sqlite://$(pwd)/quiz.sqlite`
9 verbose stack Exit status 1
9 verbose stack     at EventEmitter.<anonymous> (/usr/local/lib/node_modules/npm/lib/utils/lifecycle.js:213:16)
9 verbose stack     at EventEmitter.emit (events.js:110:17)
9 verbose stack     at ChildProcess.<anonymous> (/usr/local/lib/node_modules/npm/lib/utils/spawn.js:24:14)
9 verbose stack     at ChildProcess.emit (events.js:110:17)
9 verbose stack     at maybeClose (child_process.js:1015:16)
9 verbose stack     at Process.ChildProcess._handle.onexit (child_process.js:1087:5)
10 verbose pkgid quiz-2017@0.0.0
11 verbose cwd /home/oterosaxo/quiz_2017/models
12 error Linux 3.13.0-40-generic
13 error argv "/usr/local/bin/node" "/usr/local/bin/npm" "run-script" "migrate_local"
14 error node v0.12.4
15 error npm  v2.10.1
16 error code ELIFECYCLE
17 error quiz-2017@0.0.0 migrate_local: `sequelize db:migrate --url sqlite://$(pwd)/quiz.sqlite`
17 error Exit status 1
18 error Failed at the quiz-2017@0.0.0 migrate_local script 'sequelize db:migrate --url sqlite://$(pwd)/quiz.sqlite'.
18 error This is most likely a problem with the quiz-2017 package,
18 error not with npm itself.
18 error Tell the author that this fails on your system:
18 error     sequelize db:migrate --url sqlite://$(pwd)/quiz.sqlite
18 error You can get their info via:
18 error     npm owner ls quiz-2017
18 error There is likely additional logging output above.
19 verbose exit [ 1, true ]
